#
# A fatal error has been detected by the Java Runtime Environment:
#
#  SIGSEGV (0xb) at pc=0x0000000109a54d20, pid=50436, tid=16903
#
# JRE version: Java(TM) SE Runtime Environment (8.0_40-b27) (build 1.8.0_40-b27)
# Java VM: Java HotSpot(TM) 64-Bit Server VM (25.40-b25 mixed mode bsd-amd64 compressed oops)
# Problematic frame:
# V  [libjvm.dylib+0x432d20]  Method::checked_resolve_jmethod_id(_jmethodID*)+0xe
#
# Failed to write core dump. Core dumps have been disabled. To enable core dumping, try "ulimit -c unlimited" before starting Java again
#
# If you would like to submit a bug report, please visit:
#   http://bugreport.java.com/bugreport/crash.jsp
#

---------------  T H R E A D  ---------------

Current thread (0x00007f9b3c01a800):  JavaThread "JDWP Transport Listener: dt_socket" daemon [_thread_in_vm, id=16903, stack(0x000070000dc9f000,0x000070000dd9f000)]

siginfo: si_signo: 11 (SIGSEGV), si_code: 0 (unknown), si_addr: 0x0000000000000000

Registers:
RAX=0x0000000000000001, RBX=0x000070000dd9ea8b, RCX=0x0000000109e1c190, RDX=0x000070000dd9ea8b
RSP=0x000070000dd9e9d0, RBP=0x000070000dd9e9e0, RSI=0x00007f9b3c01a800, RDI=0xb000000000000000
R8 =0x0000000000000000, R9 =0x00007f9b3bd4bf70, R10=0x000007f9b3bd2fcf, R11=0x0000000000000001
R12=0x00007f9b3c01a800, R13=0xb000000000000000, R14=0xb000000000000000, R15=0x00007f9b3be009a0
RIP=0x0000000109a54d20, EFLAGS=0x0000000000010286, ERR=0x0000000000000000
  TRAPNO=0x000000000000000d

Top of Stack: (sp=0x000070000dd9e9d0)
0x000070000dd9e9d0:   000070000dd9ea8b 000070000dd9ea8b
0x000070000dd9e9e0:   000070000dd9ea40 000000010996511a
0x000070000dd9e9f0:   00007f9b3c01a800 0000000000000000
0x000070000dd9ea00:   0000000000000000 0000000000000000
0x000070000dd9ea10:   00007f9b3c01a800 00007f9b3c01a800
0x000070000dd9ea20:   000070000dd9ea8b 000070000dd9ea90
0x000070000dd9ea30:   b000000000000000 000000000000000c
0x000070000dd9ea40:   000070000dd9ea60 000000010ae20780
0x000070000dd9ea50:   0000000000000001 000070000dd9eb08
0x000070000dd9ea60:   000070000dd9ead0 000000010ae051f3
0x000070000dd9ea70:   000070000dd9eaa0 00007f9b3bd22770
0x000070000dd9ea80:   0000000e00000032 f000100a01d9eb08
0x000070000dd9ea90:   0000000000000000 0000000000000000
0x000070000dd9eaa0:   0000000000000000 000070000dd9ec90
0x000070000dd9eab0:   000000010ae27e7a 00007f9b3bc1c7f0
0x000070000dd9eac0:   000070000dd9eb08 000000010ae33598
0x000070000dd9ead0:   000070000dd9eae0 000000010ae052ec
0x000070000dd9eae0:   000070000dd9ed00 000000010ae0e898
0x000070000dd9eaf0:   00002d7900000013 00000000000f0200
0x000070000dd9eb00:   00007f9b3bc367c0 00007f9b3bd4e493
0x000070000dd9eb10:   00007f9b00000185 00007f9b3bd227e0
0x000070000dd9eb20:   00007f9b0000012c 000070000dd9eb58
0x000070000dd9eb30:   00007f9b3bd227e0 0000000000000000
0x000070000dd9eb40:   00002d7900000030 0000000000000080
0x000070000dd9eb50:   000070000dd9eb58 9b7f00000e000000
0x000070000dd9eb60:   0d000000c0fdd23b 6d246164626d616c
0x000070000dd9eb70:   00000031246e6961 0000005a29492804
0x000070000dd9eb80:   7f00000a1000f000 0000003861c23b9b
0x000070000dd9eb90:   0000006e69616d04 6176616a4c5b2816
0x000070000dd9eba0:   74532f676e616c2f 0056293b676e6972
0x000070000dd9ebb0:   0009000000000000 00a061c23b9b7f00
0x000070000dd9ebc0:   64626d616c0e0000 31246e69616d2461 

Instructions: (pc=0x0000000109a54d20)
0x0000000109a54d00:   40 48 48 85 c0 75 e0 30 c0 0f b6 c0 5d c3 31 c0
0x0000000109a54d10:   5d c3 55 48 89 e5 53 48 83 ec 08 48 85 ff 74 24
0x0000000109a54d20:   48 8b 1f 48 85 db 74 1c 48 83 fb 37 74 16 48 8b
0x0000000109a54d30:   03 48 89 df ff 50 10 84 c0 b8 00 00 00 00 48 0f 

Register to memory mapping:

RAX=0x0000000000000001 is an unknown value
RBX=0x000070000dd9ea8b is pointing into the stack for thread: 0x00007f9b3c01a800
RCX=0x0000000109e1c190: UseMembar+0 in /Library/Java/JavaVirtualMachines/jdk1.8.0_40.jdk/Contents/Home/jre/lib/server/libjvm.dylib at 0x0000000109622000
RDX=0x000070000dd9ea8b is pointing into the stack for thread: 0x00007f9b3c01a800
RSP=0x000070000dd9e9d0 is pointing into the stack for thread: 0x00007f9b3c01a800
RBP=0x000070000dd9e9e0 is pointing into the stack for thread: 0x00007f9b3c01a800
RSI=0x00007f9b3c01a800 is a thread
RDI=0xb000000000000000 is an unknown value
R8 =0x0000000000000000 is an unknown value
R9 =0x00007f9b3bd4bf70 is an unknown value
R10=0x000007f9b3bd2fcf is an unknown value
R11=0x0000000000000001 is an unknown value
R12=0x00007f9b3c01a800 is a thread
R13=0xb000000000000000 is an unknown value
R14=0xb000000000000000 is an unknown value
R15=0x00007f9b3be009a0 is an unknown value


Stack: [0x000070000dc9f000,0x000070000dd9f000],  sp=0x000070000dd9e9d0,  free space=1022k
Native frames: (J=compiled Java code, j=interpreted, Vv=VM code, C=native code)
V  [libjvm.dylib+0x432d20]  Method::checked_resolve_jmethod_id(_jmethodID*)+0xe
V  [libjvm.dylib+0x34311a]  jvmti_IsMethodSynthetic+0xb2
C  [libjdwp.dylib+0x20780]  isMethodSynthetic+0x63
C  [libjdwp.dylib+0x51f3]  methods1+0x10b
C  [libjdwp.dylib+0x52ec]  methodsWithGeneric+0xe
C  [libjdwp.dylib+0xe898]  debugLoop_run+0x1ce
C  [libjdwp.dylib+0x1f6ba]  attachThread+0x4d
V  [libjvm.dylib+0x384060]  JvmtiAgentThread::call_start_function()+0x38
V  [libjvm.dylib+0x549acf]  JavaThread::thread_main_inner()+0x9b
V  [libjvm.dylib+0x54b1c0]  JavaThread::run()+0x1c2
V  [libjvm.dylib+0x46ea8e]  java_start(Thread*)+0xf6
C  [libsystem_pthread.dylib+0x36c1]  _pthread_body+0x154
C  [libsystem_pthread.dylib+0x356d]  _pthread_body+0x0
C  [libsystem_pthread.dylib+0x2c5d]  thread_start+0xd
C  0x0000000000000000


---------------  P R O C E S S  ---------------

Java Threads: ( => current thread )
  0x00007f9b3d817000 JavaThread "Service Thread" daemon [_thread_blocked, id=19971, stack(0x000070000e2b1000,0x000070000e3b1000)]
  0x00007f9b3c025000 JavaThread "C1 CompilerThread2" daemon [_thread_blocked, id=19459, stack(0x000070000e1ae000,0x000070000e2ae000)]
  0x00007f9b3d815800 JavaThread "C2 CompilerThread1" daemon [_thread_blocked, id=18947, stack(0x000070000e0ab000,0x000070000e1ab000)]
  0x00007f9b3c829800 JavaThread "C2 CompilerThread0" daemon [_thread_blocked, id=18435, stack(0x000070000dfa8000,0x000070000e0a8000)]
  0x00007f9b3d813000 JavaThread "JDWP Command Reader" daemon [_thread_in_native, id=17923, stack(0x000070000dea5000,0x000070000dfa5000)]
  0x00007f9b3d814000 JavaThread "JDWP Event Helper Thread" daemon [_thread_blocked, id=17411, stack(0x000070000dda2000,0x000070000dea2000)]
=>0x00007f9b3c01a800 JavaThread "JDWP Transport Listener: dt_socket" daemon [_thread_in_vm, id=16903, stack(0x000070000dc9f000,0x000070000dd9f000)]
  0x00007f9b3d804000 JavaThread "Signal Dispatcher" daemon [_thread_blocked, id=16391, stack(0x000070000db9c000,0x000070000dc9c000)]
  0x00007f9b3c814800 JavaThread "Finalizer" daemon [_thread_blocked, id=12803, stack(0x000070000da16000,0x000070000db16000)]
  0x00007f9b3c813800 JavaThread "Reference Handler" daemon [_thread_blocked, id=12291, stack(0x000070000d913000,0x000070000da13000)]
  0x00007f9b3c002800 JavaThread "main" [_thread_blocked, id=6659, stack(0x000070000d301000,0x000070000d401000)]

Other Threads:
  0x00007f9b3c810800 VMThread [stack: 0x000070000d810000,0x000070000d910000] [id=11779]
  0x00007f9b3d816800 WatcherThread [stack: 0x000070000e3b4000,0x000070000e4b4000] [id=20483]

VM state:not at safepoint (normal execution)

VM Mutex/Monitor currently owned by a thread: None

Heap:
 PSYoungGen      total 38400K, used 5339K [0x0000000795580000, 0x0000000798000000, 0x00000007c0000000)
  eden space 33280K, 16% used [0x0000000795580000,0x0000000795ab6c30,0x0000000797600000)
  from space 5120K, 0% used [0x0000000797b00000,0x0000000797b00000,0x0000000798000000)
  to   space 5120K, 0% used [0x0000000797600000,0x0000000797600000,0x0000000797b00000)
 ParOldGen       total 87552K, used 0K [0x0000000740000000, 0x0000000745580000, 0x0000000795580000)
  object space 87552K, 0% used [0x0000000740000000,0x0000000740000000,0x0000000745580000)
 Metaspace       used 4846K, capacity 4986K, committed 5248K, reserved 1056768K
  class space    used 565K, capacity 622K, committed 640K, reserved 1048576K

Card table byte_map: [0x000000010b24b000,0x000000010b64c000] byte_map_base: 0x000000010784b000

Marking Bits: (ParMarkBitMap*) 0x0000000109ee47a0
 Begin Bits: [0x000000010b8f7000, 0x000000010d8f7000)
 End Bits:   [0x000000010d8f7000, 0x000000010f8f7000)

Polling page: 0x000000010a5ce000

CodeCache: size=245760Kb used=1732Kb max_used=1732Kb free=244027Kb
 bounds [0x00000001157f1000, 0x0000000115a61000, 0x00000001247f1000]
 total_blobs=600 nmethods=331 adapters=191
 compilation: enabled

Compilation events (10 events):
Event: 0.539 Thread 0x00007f9b3c025000  325       3       jdk.internal.org.objectweb.asm.Label::resolve (214 bytes)
Event: 0.539 Thread 0x00007f9b3c025000 nmethod 325 0x000000011599ea90 code [0x000000011599ec20, 0x000000011599f130]
Event: 0.539 Thread 0x00007f9b3c025000  326       3       java.lang.invoke.MethodType::insertParameterTypes (106 bytes)
Event: 0.541 Thread 0x00007f9b3c025000 nmethod 326 0x000000011599f790 code [0x000000011599fa60, 0x00000001159a0d88]
Event: 0.541 Thread 0x00007f9b3c025000  328       1       java.lang.invoke.MethodType::parameterType (7 bytes)
Event: 0.541 Thread 0x00007f9b3c025000 nmethod 328 0x00000001159a1910 code [0x00000001159a1a60, 0x00000001159a1b90]
Event: 0.541 Thread 0x00007f9b3c025000  329       3       java.lang.ref.WeakReference::<init> (7 bytes)
Event: 0.541 Thread 0x00007f9b3c025000 nmethod 329 0x00000001159a1c50 code [0x00000001159a1dc0, 0x00000001159a2070]
Event: 0.541 Thread 0x00007f9b3c025000  331       3       java.util.Locale::getDefault (4 bytes)
Event: 0.542 Thread 0x00007f9b3c025000 nmethod 331 0x00000001159a2190 code [0x00000001159a22e0, 0x00000001159a2430]

GC Heap History (0 events):
No events

Deoptimization events (1 events):
Event: 0.280 Thread 0x00007f9b3c002800 Uncommon trap: reason=unstable_if action=reinterpret pc=0x000000011591654c method=java.lang.String.hashCode()I @ 14

Internal exceptions (8 events):
Event: 0.069 Thread 0x00007f9b3c002800 Exception <a 'java/lang/NoSuchMethodError': Method sun.misc.Unsafe.defineClass(Ljava/lang/String;[BII)Ljava/lang/Class; name or signature does not match> (0x0000000795592c10) thrown at [/Users/java_re/workspace/8-2-build-macosx-x86_64/jdk8u40/3153/hotspot
Event: 0.069 Thread 0x00007f9b3c002800 Exception <a 'java/lang/NoSuchMethodError': Method sun.misc.Unsafe.prefetchRead(Ljava/lang/Object;J)V name or signature does not match> (0x0000000795592ea0) thrown at [/Users/java_re/workspace/8-2-build-macosx-x86_64/jdk8u40/3153/hotspot/src/share/vm/prim
Event: 0.407 Thread 0x00007f9b3c002800 Exception <a 'java/lang/NoSuchFieldError': method resolution failed> (0x0000000795924d08) thrown at [/Users/java_re/workspace/8-2-build-macosx-x86_64/jdk8u40/3153/hotspot/src/share/vm/prims/methodHandles.cpp, line 1125]
Event: 0.410 Thread 0x00007f9b3c002800 Exception <a 'java/lang/NoSuchFieldError': method resolution failed> (0x0000000795933458) thrown at [/Users/java_re/workspace/8-2-build-macosx-x86_64/jdk8u40/3153/hotspot/src/share/vm/prims/methodHandles.cpp, line 1125]
Event: 0.470 Thread 0x00007f9b3c002800 Exception <a 'java/security/PrivilegedActionException'> (0x00000007959c9248) thrown at [/Users/java_re/workspace/8-2-build-macosx-x86_64/jdk8u40/3153/hotspot/src/share/vm/prims/jvm.cpp, line 1382]
Event: 0.470 Thread 0x00007f9b3c002800 Exception <a 'java/security/PrivilegedActionException'> (0x00000007959c9590) thrown at [/Users/java_re/workspace/8-2-build-macosx-x86_64/jdk8u40/3153/hotspot/src/share/vm/prims/jvm.cpp, line 1382]
Event: 0.470 Thread 0x00007f9b3c002800 Exception <a 'java/security/PrivilegedActionException'> (0x00000007959cc910) thrown at [/Users/java_re/workspace/8-2-build-macosx-x86_64/jdk8u40/3153/hotspot/src/share/vm/prims/jvm.cpp, line 1382]
Event: 0.470 Thread 0x00007f9b3c002800 Exception <a 'java/security/PrivilegedActionException'> (0x00000007959ccc58) thrown at [/Users/java_re/workspace/8-2-build-macosx-x86_64/jdk8u40/3153/hotspot/src/share/vm/prims/jvm.cpp, line 1382]

Events (10 events):
Event: 135.282 Executing VM operation: RedefineClasses
Event: 135.284 Executing VM operation: RedefineClasses done
Event: 135.407 Executing VM operation: GetOrSetLocal
Event: 135.407 Executing VM operation: GetOrSetLocal done
Event: 135.407 Executing VM operation: GetOrSetLocal
Event: 135.407 Executing VM operation: GetOrSetLocal done
Event: 135.407 Executing VM operation: GetOrSetLocal
Event: 135.407 Executing VM operation: GetOrSetLocal done
Event: 1568.188 Executing VM operation: RedefineClasses
Event: 1568.208 Executing VM operation: RedefineClasses done


Dynamic libraries:
0x000000002a379000 	/System/Library/Frameworks/Cocoa.framework/Versions/A/Cocoa
0x000000002a379000 	/System/Library/Frameworks/Security.framework/Versions/A/Security
0x000000002a379000 	/System/Library/Frameworks/ApplicationServices.framework/Versions/A/ApplicationServices
0x000000002a379000 	/usr/lib/libz.1.dylib
0x000000002a379000 	/usr/lib/libSystem.B.dylib
0x000000002a379000 	/usr/lib/libobjc.A.dylib
0x000000002a379000 	/System/Library/Frameworks/CoreFoundation.framework/Versions/A/CoreFoundation
0x000000002a379000 	/System/Library/Frameworks/Foundation.framework/Versions/C/Foundation
0x000000002a379000 	/System/Library/Frameworks/AppKit.framework/Versions/C/AppKit
0x000000002a379000 	/System/Library/Frameworks/CoreData.framework/Versions/A/CoreData
0x000000002a379000 	/System/Library/PrivateFrameworks/RemoteViewServices.framework/Versions/A/RemoteViewServices
0x000000002a379000 	/System/Library/PrivateFrameworks/UIFoundation.framework/Versions/A/UIFoundation
0x000000002a379000 	/System/Library/PrivateFrameworks/DFRFoundation.framework/Versions/A/DFRFoundation
0x000000002a379000 	/System/Library/Frameworks/Metal.framework/Versions/A/Metal
0x000000002a379000 	/System/Library/PrivateFrameworks/DesktopServicesPriv.framework/Versions/A/DesktopServicesPriv
0x000000002a379000 	/usr/lib/libenergytrace.dylib
0x000000002a379000 	/System/Library/PrivateFrameworks/SkyLight.framework/Versions/A/SkyLight
0x000000002a379000 	/System/Library/Frameworks/CoreGraphics.framework/Versions/A/CoreGraphics
0x000000002a379000 	/usr/lib/libScreenReader.dylib
0x000000002a379000 	/System/Library/Frameworks/Accelerate.framework/Versions/A/Accelerate
0x000000002a379000 	/System/Library/Frameworks/IOSurface.framework/Versions/A/IOSurface
0x000000002a379000 	/System/Library/Frameworks/AudioToolbox.framework/Versions/A/AudioToolbox
0x000000002a379000 	/System/Library/Frameworks/AudioUnit.framework/Versions/A/AudioUnit
0x000000002a379000 	/System/Library/PrivateFrameworks/DataDetectorsCore.framework/Versions/A/DataDetectorsCore
0x000000002a379000 	/System/Library/Frameworks/Carbon.framework/Versions/A/Frameworks/HIToolbox.framework/Versions/A/HIToolbox
0x000000002a379000 	/usr/lib/libicucore.A.dylib
0x000000002a379000 	/System/Library/Frameworks/QuartzCore.framework/Versions/A/QuartzCore
0x000000002a379000 	/System/Library/Frameworks/Carbon.framework/Versions/A/Frameworks/SpeechRecognition.framework/Versions/A/SpeechRecognition
0x000000002a379000 	/usr/lib/libauto.dylib
0x000000002a379000 	/usr/lib/libxml2.2.dylib
0x000000002a379000 	/System/Library/PrivateFrameworks/CoreUI.framework/Versions/A/CoreUI
0x000000002a379000 	/System/Library/Frameworks/CoreAudio.framework/Versions/A/CoreAudio
0x000000002a379000 	/System/Library/Frameworks/DiskArbitration.framework/Versions/A/DiskArbitration
0x000000002a379000 	/usr/lib/liblangid.dylib
0x000000002a379000 	/System/Library/PrivateFrameworks/MultitouchSupport.framework/Versions/A/MultitouchSupport
0x000000002a379000 	/System/Library/Frameworks/IOKit.framework/Versions/A/IOKit
0x000000002a379000 	/usr/lib/libDiagnosticMessagesClient.dylib
0x000000002a379000 	/System/Library/Frameworks/CoreServices.framework/Versions/A/CoreServices
0x000000002a379000 	/System/Library/PrivateFrameworks/PerformanceAnalysis.framework/Versions/A/PerformanceAnalysis
0x000000002a379000 	/System/Library/Frameworks/OpenGL.framework/Versions/A/OpenGL
0x000000002a379000 	/System/Library/Frameworks/ColorSync.framework/Versions/A/ColorSync
0x000000002a379000 	/System/Library/Frameworks/CoreImage.framework/Versions/A/CoreImage
0x000000002a379000 	/System/Library/Frameworks/CoreText.framework/Versions/A/CoreText
0x000000002a379000 	/System/Library/Frameworks/ImageIO.framework/Versions/A/ImageIO
0x000000002a379000 	/System/Library/PrivateFrameworks/Backup.framework/Versions/A/Backup
0x000000002a379000 	/usr/lib/libarchive.2.dylib
0x000000002a379000 	/System/Library/Frameworks/CFNetwork.framework/Versions/A/CFNetwork
0x000000002a379000 	/System/Library/Frameworks/SystemConfiguration.framework/Versions/A/SystemConfiguration
0x000000002a379000 	/usr/lib/libCRFSuite.dylib
0x000000002a379000 	/usr/lib/libc++.1.dylib
0x000000002a379000 	/usr/lib/libc++abi.dylib
0x000000002a379000 	/usr/lib/system/libcache.dylib
0x000000002a379000 	/usr/lib/system/libcommonCrypto.dylib
0x000000002a379000 	/usr/lib/system/libcompiler_rt.dylib
0x000000002a379000 	/usr/lib/system/libcopyfile.dylib
0x000000002a379000 	/usr/lib/system/libcorecrypto.dylib
0x000000002a379000 	/usr/lib/system/libdispatch.dylib
0x000000002a379000 	/usr/lib/system/libdyld.dylib
0x000000002a379000 	/usr/lib/system/libkeymgr.dylib
0x000000002a379000 	/usr/lib/system/liblaunch.dylib
0x000000002a379000 	/usr/lib/system/libmacho.dylib
0x000000002a379000 	/usr/lib/system/libquarantine.dylib
0x000000002a379000 	/usr/lib/system/libremovefile.dylib
0x000000002a379000 	/usr/lib/system/libsystem_asl.dylib
0x000000002a379000 	/usr/lib/system/libsystem_blocks.dylib
0x000000002a379000 	/usr/lib/system/libsystem_c.dylib
0x000000002a379000 	/usr/lib/system/libsystem_configuration.dylib
0x000000002a379000 	/usr/lib/system/libsystem_coreservices.dylib
0x000000002a379000 	/usr/lib/system/libsystem_darwin.dylib
0x000000002a379000 	/usr/lib/system/libsystem_dnssd.dylib
0x000000002a379000 	/usr/lib/system/libsystem_info.dylib
0x000000002a379000 	/usr/lib/system/libsystem_m.dylib
0x000000002a379000 	/usr/lib/system/libsystem_malloc.dylib
0x000000002a379000 	/usr/lib/system/libsystem_network.dylib
0x000000002a379000 	/usr/lib/system/libsystem_networkextension.dylib
0x000000002a379000 	/usr/lib/system/libsystem_notify.dylib
0x000000002a379000 	/usr/lib/system/libsystem_sandbox.dylib
0x000000002a379000 	/usr/lib/system/libsystem_secinit.dylib
0x000000002a379000 	/usr/lib/system/libsystem_kernel.dylib
0x000000002a379000 	/usr/lib/system/libsystem_platform.dylib
0x000000002a379000 	/usr/lib/system/libsystem_pthread.dylib
0x000000002a379000 	/usr/lib/system/libsystem_symptoms.dylib
0x000000002a379000 	/usr/lib/system/libsystem_trace.dylib
0x000000002a379000 	/usr/lib/system/libunwind.dylib
0x000000002a379000 	/usr/lib/system/libxpc.dylib
0x000000002a379000 	/usr/lib/closure/libclosured.dylib
0x000000002a379000 	/usr/lib/libbsm.0.dylib
0x000000002a379000 	/usr/lib/system/libkxld.dylib
0x000000002a379000 	/usr/lib/libOpenScriptingUtil.dylib
0x000000002a379000 	/usr/lib/libcoretls.dylib
0x000000002a379000 	/usr/lib/libcoretls_cfhelpers.dylib
0x000000002a379000 	/usr/lib/libpam.2.dylib
0x000000002a379000 	/usr/lib/libsqlite3.dylib
0x000000002a379000 	/usr/lib/libxar.1.dylib
0x000000002a379000 	/usr/lib/libbz2.1.0.dylib
0x000000002a379000 	/usr/lib/liblzma.5.dylib
0x000000002a379000 	/usr/lib/libnetwork.dylib
0x000000002a379000 	/usr/lib/libapple_nghttp2.dylib
0x000000002a379000 	/usr/lib/libpcap.A.dylib
0x000000002a379000 	/usr/lib/libboringssl.dylib
0x000000002a379000 	/usr/lib/libusrtcp.dylib
0x000000002a379000 	/usr/lib/libapple_crypto.dylib
0x000000002a379000 	/System/Library/Frameworks/CoreServices.framework/Versions/A/Frameworks/FSEvents.framework/Versions/A/FSEvents
0x000000002a379000 	/System/Library/Frameworks/CoreServices.framework/Versions/A/Frameworks/CarbonCore.framework/Versions/A/CarbonCore
0x000000002a379000 	/System/Library/Frameworks/CoreServices.framework/Versions/A/Frameworks/Metadata.framework/Versions/A/Metadata
0x000000002a379000 	/System/Library/Frameworks/CoreServices.framework/Versions/A/Frameworks/OSServices.framework/Versions/A/OSServices
0x000000002a379000 	/System/Library/Frameworks/CoreServices.framework/Versions/A/Frameworks/SearchKit.framework/Versions/A/SearchKit
0x000000002a379000 	/System/Library/Frameworks/CoreServices.framework/Versions/A/Frameworks/AE.framework/Versions/A/AE
0x000000002a379000 	/System/Library/Frameworks/CoreServices.framework/Versions/A/Frameworks/LaunchServices.framework/Versions/A/LaunchServices
0x000000002a379000 	/System/Library/Frameworks/CoreServices.framework/Versions/A/Frameworks/DictionaryServices.framework/Versions/A/DictionaryServices
0x000000002a379000 	/System/Library/Frameworks/CoreServices.framework/Versions/A/Frameworks/SharedFileList.framework/Versions/A/SharedFileList
0x000000002a379000 	/System/Library/Frameworks/NetFS.framework/Versions/A/NetFS
0x000000002a379000 	/System/Library/PrivateFrameworks/NetAuth.framework/Versions/A/NetAuth
0x000000002a379000 	/System/Library/PrivateFrameworks/login.framework/Versions/A/Frameworks/loginsupport.framework/Versions/A/loginsupport
0x000000002a379000 	/System/Library/PrivateFrameworks/TCC.framework/Versions/A/TCC
0x000000002a379000 	/usr/lib/libmecabra.dylib
0x000000002a379000 	/System/Library/Frameworks/ApplicationServices.framework/Versions/A/Frameworks/ATS.framework/Versions/A/ATS
0x000000002a379000 	/System/Library/Frameworks/ApplicationServices.framework/Versions/A/Frameworks/ColorSyncLegacy.framework/Versions/A/ColorSyncLegacy
0x000000002a379000 	/System/Library/Frameworks/ApplicationServices.framework/Versions/A/Frameworks/HIServices.framework/Versions/A/HIServices
0x000000002a379000 	/System/Library/Frameworks/ApplicationServices.framework/Versions/A/Frameworks/LangAnalysis.framework/Versions/A/LangAnalysis
0x000000002a379000 	/System/Library/Frameworks/ApplicationServices.framework/Versions/A/Frameworks/PrintCore.framework/Versions/A/PrintCore
0x000000002a379000 	/System/Library/Frameworks/ApplicationServices.framework/Versions/A/Frameworks/QD.framework/Versions/A/QD
0x000000002a379000 	/System/Library/Frameworks/ApplicationServices.framework/Versions/A/Frameworks/SpeechSynthesis.framework/Versions/A/SpeechSynthesis
0x000000002a379000 	/System/Library/Frameworks/CoreDisplay.framework/Versions/A/CoreDisplay
0x000000002a379000 	/System/Library/Frameworks/Accelerate.framework/Versions/A/Frameworks/vImage.framework/Versions/A/vImage
0x000000002a379000 	/System/Library/Frameworks/Accelerate.framework/Versions/A/Frameworks/vecLib.framework/Versions/A/vecLib
0x000000002a379000 	/System/Library/Frameworks/Accelerate.framework/Versions/A/Frameworks/vecLib.framework/Versions/A/libvDSP.dylib
0x000000002a379000 	/System/Library/Frameworks/Accelerate.framework/Versions/A/Frameworks/vecLib.framework/Versions/A/libBNNS.dylib
0x000000002a379000 	/System/Library/Frameworks/Accelerate.framework/Versions/A/Frameworks/vecLib.framework/Versions/A/libQuadrature.dylib
0x000000002a379000 	/System/Library/Frameworks/Accelerate.framework/Versions/A/Frameworks/vecLib.framework/Versions/A/libvMisc.dylib
0x000000002a379000 	/System/Library/Frameworks/Accelerate.framework/Versions/A/Frameworks/vecLib.framework/Versions/A/libLAPACK.dylib
0x000000002a379000 	/System/Library/Frameworks/Accelerate.framework/Versions/A/Frameworks/vecLib.framework/Versions/A/libBLAS.dylib
0x000000002a379000 	/System/Library/Frameworks/Accelerate.framework/Versions/A/Frameworks/vecLib.framework/Versions/A/libLinearAlgebra.dylib
0x000000002a379000 	/System/Library/Frameworks/Accelerate.framework/Versions/A/Frameworks/vecLib.framework/Versions/A/libSparse.dylib
0x000000002a379000 	/System/Library/Frameworks/Accelerate.framework/Versions/A/Frameworks/vecLib.framework/Versions/A/libSparseBLAS.dylib
0x000000002a379000 	/System/Library/PrivateFrameworks/IOAccelerator.framework/Versions/A/IOAccelerator
0x000000002a379000 	/System/Library/PrivateFrameworks/IOPresentment.framework/Versions/A/IOPresentment
0x000000002a379000 	/System/Library/PrivateFrameworks/DSExternalDisplay.framework/Versions/A/DSExternalDisplay
0x000000002a379000 	/System/Library/Frameworks/OpenGL.framework/Versions/A/Libraries/libCoreFSCache.dylib
0x000000002a379000 	/System/Library/Frameworks/CoreVideo.framework/Versions/A/CoreVideo
0x000000002a379000 	/System/Library/PrivateFrameworks/GraphVisualizer.framework/Versions/A/GraphVisualizer
0x000000002a379000 	/System/Library/Frameworks/MetalPerformanceShaders.framework/Versions/A/MetalPerformanceShaders
0x000000002a379000 	/usr/lib/libFosl_dynamic.dylib
0x000000002a379000 	/System/Library/PrivateFrameworks/FaceCore.framework/Versions/A/FaceCore
0x000000002a379000 	/System/Library/Frameworks/OpenCL.framework/Versions/A/OpenCL
0x000000002a379000 	/usr/lib/libcompression.dylib
0x000000002a379000 	/System/Library/Frameworks/ApplicationServices.framework/Versions/A/Frameworks/ATS.framework/Versions/A/Resources/libFontParser.dylib
0x000000002a379000 	/System/Library/Frameworks/ApplicationServices.framework/Versions/A/Frameworks/ATS.framework/Versions/A/Resources/libFontRegistry.dylib
0x000000002a379000 	/System/Library/Frameworks/ImageIO.framework/Versions/A/Resources/libJPEG.dylib
0x000000002a379000 	/System/Library/Frameworks/ImageIO.framework/Versions/A/Resources/libTIFF.dylib
0x000000002a379000 	/System/Library/Frameworks/ImageIO.framework/Versions/A/Resources/libPng.dylib
0x000000002a379000 	/System/Library/Frameworks/ImageIO.framework/Versions/A/Resources/libGIF.dylib
0x000000002a379000 	/System/Library/Frameworks/ImageIO.framework/Versions/A/Resources/libJP2.dylib
0x000000002a379000 	/System/Library/Frameworks/ImageIO.framework/Versions/A/Resources/libRadiance.dylib
0x000000002a379000 	/System/Library/PrivateFrameworks/AppleJPEG.framework/Versions/A/AppleJPEG
0x000000002a379000 	/System/Library/PrivateFrameworks/MetalTools.framework/Versions/A/MetalTools
0x000000002a379000 	/System/Library/Frameworks/MetalPerformanceShaders.framework/Frameworks/MPSCore.framework/Versions/A/MPSCore
0x000000002a379000 	/System/Library/Frameworks/MetalPerformanceShaders.framework/Frameworks/MPSImage.framework/Versions/A/MPSImage
0x000000002a379000 	/System/Library/Frameworks/MetalPerformanceShaders.framework/Frameworks/MPSMatrix.framework/Versions/A/MPSMatrix
0x000000002a379000 	/System/Library/Frameworks/MetalPerformanceShaders.framework/Frameworks/MPSNeuralNetwork.framework/Versions/A/MPSNeuralNetwork
0x000000002a379000 	/System/Library/Frameworks/OpenGL.framework/Versions/A/Libraries/libGLU.dylib
0x000000002a379000 	/System/Library/Frameworks/OpenGL.framework/Versions/A/Libraries/libGFXShared.dylib
0x000000002a379000 	/System/Library/Frameworks/OpenGL.framework/Versions/A/Libraries/libGL.dylib
0x000000002a379000 	/System/Library/Frameworks/OpenGL.framework/Versions/A/Libraries/libGLImage.dylib
0x000000002a379000 	/System/Library/Frameworks/OpenGL.framework/Versions/A/Libraries/libCVMSPluginSupport.dylib
0x000000002a379000 	/System/Library/Frameworks/OpenGL.framework/Versions/A/Libraries/libCoreVMClient.dylib
0x000000002a379000 	/usr/lib/libcups.2.dylib
0x000000002a379000 	/System/Library/Frameworks/Kerberos.framework/Versions/A/Kerberos
0x000000002a379000 	/System/Library/Frameworks/GSS.framework/Versions/A/GSS
0x000000002a379000 	/usr/lib/libresolv.9.dylib
0x000000002a379000 	/usr/lib/libiconv.2.dylib
0x000000002a379000 	/System/Library/PrivateFrameworks/Heimdal.framework/Versions/A/Heimdal
0x000000002a379000 	/usr/lib/libheimdal-asn1.dylib
0x000000002a379000 	/System/Library/Frameworks/OpenDirectory.framework/Versions/A/OpenDirectory
0x000000002a379000 	/System/Library/PrivateFrameworks/CommonAuth.framework/Versions/A/CommonAuth
0x000000002a379000 	/System/Library/Frameworks/OpenDirectory.framework/Versions/A/Frameworks/CFOpenDirectory.framework/Versions/A/CFOpenDirectory
0x000000002a379000 	/System/Library/Frameworks/SecurityFoundation.framework/Versions/A/SecurityFoundation
0x000000002a379000 	/System/Library/PrivateFrameworks/APFS.framework/Versions/A/APFS
0x000000002a379000 	/usr/lib/libutil.dylib
0x000000002a379000 	/System/Library/PrivateFrameworks/AppleSauce.framework/Versions/A/AppleSauce
0x000000002a379000 	/System/Library/PrivateFrameworks/LinguisticData.framework/Versions/A/LinguisticData
0x000000002a379000 	/usr/lib/libmarisa.dylib
0x000000002a379000 	/System/Library/PrivateFrameworks/Lexicon.framework/Versions/A/Lexicon
0x000000002a379000 	/usr/lib/libChineseTokenizer.dylib
0x000000002a379000 	/usr/lib/libcmph.dylib
0x000000002a379000 	/System/Library/PrivateFrameworks/LanguageModeling.framework/Versions/A/LanguageModeling
0x000000002a379000 	/System/Library/PrivateFrameworks/CoreEmoji.framework/Versions/A/CoreEmoji
0x000000002a379000 	/System/Library/Frameworks/ServiceManagement.framework/Versions/A/ServiceManagement
0x000000002a379000 	/System/Library/PrivateFrameworks/BackgroundTaskManagement.framework/Versions/A/BackgroundTaskManagement
0x000000002a379000 	/usr/lib/libxslt.1.dylib
0x000000002a379000 	/System/Library/Frameworks/Carbon.framework/Versions/A/Frameworks/Ink.framework/Versions/A/Ink
0x000000002a379000 	/System/Library/PrivateFrameworks/TextureIO.framework/Versions/A/TextureIO
0x000000002a379000 	/usr/lib/libate.dylib
0x000000002a379000 	/System/Library/PrivateFrameworks/CrashReporterSupport.framework/Versions/A/CrashReporterSupport
0x000000002a379000 	/System/Library/PrivateFrameworks/Sharing.framework/Versions/A/Sharing
0x000000002a379000 	/System/Library/PrivateFrameworks/IconServices.framework/Versions/A/IconServices
0x000000002a379000 	/System/Library/PrivateFrameworks/ProtocolBuffer.framework/Versions/A/ProtocolBuffer
0x000000002a379000 	/System/Library/PrivateFrameworks/Apple80211.framework/Versions/A/Apple80211
0x000000002a379000 	/System/Library/Frameworks/CoreWLAN.framework/Versions/A/CoreWLAN
0x000000002a379000 	/System/Library/PrivateFrameworks/CoreUtils.framework/Versions/A/CoreUtils
0x000000002a379000 	/System/Library/Frameworks/IOBluetooth.framework/Versions/A/IOBluetooth
0x000000002a379000 	/System/Library/PrivateFrameworks/CoreWiFi.framework/Versions/A/CoreWiFi
0x000000002a379000 	/System/Library/Frameworks/CoreBluetooth.framework/Versions/A/CoreBluetooth
0x000000002a379000 	/System/Library/PrivateFrameworks/SignpostNotification.framework/Versions/A/SignpostNotification
0x000000002a379000 	/System/Library/PrivateFrameworks/DebugSymbols.framework/Versions/A/DebugSymbols
0x000000002a379000 	/System/Library/PrivateFrameworks/CoreSymbolication.framework/Versions/A/CoreSymbolication
0x000000002a379000 	/System/Library/PrivateFrameworks/Symbolication.framework/Versions/A/Symbolication
0x000000002a379000 	/System/Library/PrivateFrameworks/AppleFSCompression.framework/Versions/A/AppleFSCompression
0x000000002a379000 	/System/Library/PrivateFrameworks/SpeechRecognitionCore.framework/Versions/A/SpeechRecognitionCore
0x0000000109622000 	/Library/Java/JavaVirtualMachines/jdk1.8.0_40.jdk/Contents/Home/jre/lib/server/libjvm.dylib
0x000000002a379000 	/usr/lib/libstdc++.6.0.9.dylib
0x000000010a58b000 	/Library/Java/JavaVirtualMachines/jdk1.8.0_40.jdk/Contents/Home/jre/lib/libverify.dylib
0x000000010a599000 	/Library/Java/JavaVirtualMachines/jdk1.8.0_40.jdk/Contents/Home/jre/lib/libjava.dylib
0x000000010ae00000 	/Library/Java/JavaVirtualMachines/jdk1.8.0_40.jdk/Contents/Home/jre/lib/libjdwp.dylib
0x000000010a5cf000 	/Library/Java/JavaVirtualMachines/jdk1.8.0_40.jdk/Contents/Home/jre/lib/libnpt.dylib
0x000000010a5dc000 	/Library/Java/JavaVirtualMachines/jdk1.8.0_40.jdk/Contents/Home/jre/lib/libzip.dylib
0x000000002a379000 	/System/Library/Frameworks/JavaVM.framework/Versions/A/Frameworks/JavaRuntimeSupport.framework/Versions/A/JavaRuntimeSupport
0x000000002a379000 	/System/Library/Frameworks/JavaVM.framework/Versions/A/Frameworks/JavaNativeFoundation.framework/Versions/A/JavaNativeFoundation
0x000000002a379000 	/System/Library/Frameworks/JavaVM.framework/Versions/A/JavaVM
0x000000002a379000 	/System/Library/Frameworks/Carbon.framework/Versions/A/Carbon
0x000000002a379000 	/System/Library/PrivateFrameworks/JavaLaunching.framework/Versions/A/JavaLaunching
0x000000002a379000 	/System/Library/Frameworks/Carbon.framework/Versions/A/Frameworks/CommonPanels.framework/Versions/A/CommonPanels
0x000000002a379000 	/System/Library/Frameworks/Carbon.framework/Versions/A/Frameworks/Help.framework/Versions/A/Help
0x000000002a379000 	/System/Library/Frameworks/Carbon.framework/Versions/A/Frameworks/ImageCapture.framework/Versions/A/ImageCapture
0x000000002a379000 	/System/Library/Frameworks/Carbon.framework/Versions/A/Frameworks/OpenScripting.framework/Versions/A/OpenScripting
0x000000002a379000 	/System/Library/Frameworks/Carbon.framework/Versions/A/Frameworks/Print.framework/Versions/A/Print
0x000000002a379000 	/System/Library/Frameworks/Carbon.framework/Versions/A/Frameworks/SecurityHI.framework/Versions/A/SecurityHI
0x000000010a5ee000 	/Library/Java/JavaVirtualMachines/jdk1.8.0_40.jdk/Contents/Home/jre/lib/libdt_socket.dylib

VM Arguments:
jvm_args: -agentlib:jdwp=transport=dt_socket,address=127.0.0.1:61278,suspend=y,server=n -Dfile.encoding=UTF-8 
java_command: Java_How_to_Programm_Early_Objects_Paul_Deitel.Chapter_17_Lambda.fig17_05.IntStreamOperations
java_class_path (initial): /Library/Java/JavaVirtualMachines/jdk1.8.0_40.jdk/Contents/Home/lib/ant-javafx.jar:/Library/Java/JavaVirtualMachines/jdk1.8.0_40.jdk/Contents/Home/lib/dt.jar:/Library/Java/JavaVirtualMachines/jdk1.8.0_40.jdk/Contents/Home/lib/javafx-mx.jar:/Library/Java/JavaVirtualMachines/jdk1.8.0_40.jdk/Contents/Home/lib/jconsole.jar:/Library/Java/JavaVirtualMachines/jdk1.8.0_40.jdk/Contents/Home/lib/packager.jar:/Library/Java/JavaVirtualMachines/jdk1.8.0_40.jdk/Contents/Home/lib/sa-jdi.jar:/Library/Java/JavaVirtualMachines/jdk1.8.0_40.jdk/Contents/Home/lib/tools.jar:/Library/Java/JavaVirtualMachines/jdk1.8.0_40.jdk/Contents/Home/jre/lib/charsets.jar:/Library/Java/JavaVirtualMachines/jdk1.8.0_40.jdk/Contents/Home/jre/lib/deploy.jar:/Library/Java/JavaVirtualMachines/jdk1.8.0_40.jdk/Contents/Home/jre/lib/javaws.jar:/Library/Java/JavaVirtualMachines/jdk1.8.0_40.jdk/Contents/Home/jre/lib/jce.jar:/Library/Java/JavaVirtualMachines/jdk1.8.0_40.jdk/Contents/Home/jre/lib/jfr.jar:/Library/Java/JavaVirtualMachines/jdk1.8.0_40.jdk/Contents/Home/jre/lib/jfxswt.jar:/Library/Java/JavaVirtualMachines/jdk1.8.0_40.jdk/Contents/Home/jre/lib/jsse.jar:/Library/Java/JavaVirtualMachines/jdk1.8.0_40.jdk/Contents/Home/jre/lib/management-agent.jar:/Library/Java/JavaVirtualMachines/jdk1.8.0_40.jdk/Contents/Home/jre/lib/plugin.jar:/Library/Java/JavaVirtualMachines/jdk1.8.0_40.jdk/Contents/Home/jre/lib/resources.jar:/Library/Java/JavaVirtualMachines/jdk1.8.0_40.jdk/Contents/Home/jre/lib/rt.jar:/Library/Java/JavaVirtualMachines/jdk1.8.0_40.jdk/Contents/Home/jre/lib/ext/cldrdata.jar:/Library/Java/JavaVirtualMachines/jdk1.8.0_40.jdk/Contents/Home/jre/lib/ext/dnsns.jar:/Library/Java/JavaVirtualMachines/jdk1.8.0_40.jdk/Contents/Home/jre/lib/ext/jfxrt.jar:/Library/Java/JavaVirtualMachines/jdk1.8.0_40.jdk/Contents/Home/jre/lib/ext/localedata.jar:/Library/Java/JavaVirtualMachines/jdk1.8.0_40.jdk/Contents/Home/jre/lib/ext/nashorn.jar:/Library/Java/JavaVirtualMachines/jdk1.8.0_40.jdk/Conten
Launcher Type: SUN_STANDARD

Environment Variables:
PATH=/usr/local/bin:/usr/bin:/bin:/usr/sbin:/sbin
SHELL=/bin/bash

Signal Handlers:
SIGSEGV: [libjvm.dylib+0x58ef95], sa_mask[0]=11111111011111110111111111111111, sa_flags=SA_ONSTACK|SA_RESTART|SA_SIGINFO
SIGBUS: [libjvm.dylib+0x58ef95], sa_mask[0]=11111111011111110111111111111111, sa_flags=SA_RESTART|SA_SIGINFO
SIGFPE: [libjvm.dylib+0x46c118], sa_mask[0]=11111111011111110111111111111111, sa_flags=SA_RESTART|SA_SIGINFO
SIGPIPE: [libjvm.dylib+0x46c118], sa_mask[0]=11111111011111110111111111111111, sa_flags=SA_RESTART|SA_SIGINFO
SIGXFSZ: [libjvm.dylib+0x46c118], sa_mask[0]=11111111011111110111111111111111, sa_flags=SA_RESTART|SA_SIGINFO
SIGILL: [libjvm.dylib+0x46c118], sa_mask[0]=11111111011111110111111111111111, sa_flags=SA_RESTART|SA_SIGINFO
SIGUSR1: SIG_DFL, sa_mask[0]=00000000000000000000000000000000, sa_flags=none
SIGUSR2: [libjvm.dylib+0x46bc36], sa_mask[0]=00100000000000000000000000000000, sa_flags=SA_RESTART|SA_SIGINFO
SIGHUP: [libjvm.dylib+0x46a209], sa_mask[0]=11111111011111110111111111111111, sa_flags=SA_RESTART|SA_SIGINFO
SIGINT: [libjvm.dylib+0x46a209], sa_mask[0]=11111111011111110111111111111111, sa_flags=SA_RESTART|SA_SIGINFO
SIGTERM: [libjvm.dylib+0x46a209], sa_mask[0]=11111111011111110111111111111111, sa_flags=SA_RESTART|SA_SIGINFO
SIGQUIT: [libjvm.dylib+0x46a209], sa_mask[0]=11111111011111110111111111111111, sa_flags=SA_RESTART|SA_SIGINFO


---------------  S Y S T E M  ---------------

OS:Bsduname:Darwin 17.2.0 Darwin Kernel Version 17.2.0: Fri Sep 29 18:27:05 PDT 2017; root:xnu-4570.20.62~3/RELEASE_X86_64 x86_64
rlimit: STACK 8192k, CORE 0k, NPROC 709, NOFILE 10240, AS infinity
load average:5.26 4.37 4.11

CPU:total 4 (2 cores per cpu, 2 threads per core) family 6 model 69 stepping 1, cmov, cx8, fxsr, mmx, sse, sse2, sse3, ssse3, sse4.1, sse4.2, popcnt, avx, avx2, aes, clmul, erms, lzcnt, ht, tsc, tscinvbit, bmi1, bmi2

Memory: 4k page, physical 8388608k(447548k free)

/proc/meminfo:


vm_info: Java HotSpot(TM) 64-Bit Server VM (25.40-b25) for bsd-amd64 JRE (1.8.0_40-b27), built on Mar 13 2015 04:46:52 by "java_re" with gcc 4.2.1 (Based on Apple Inc. build 5658) (LLVM build 2336.11.00)

time: Thu Jan 25 11:52:27 2018
elapsed time: 1568 seconds (0d 0h 26m 8s)

